<?xml version="1.0" encoding="UTF-8"?>
<!-- Generated by org.testng.reporters.JUnitXMLReporter -->
<testsuite hostname="venkat-PC" name="IncludeExcludetest" tests="7" failures="0" timestamp="9 Jan 2018 19:03:45 GMT" time="18.958" errors="0">
  <testcase name="comparetitles" time="0.066" classname="selenium.IncludeExcludedroupstest"/>
  <testcase name="documentationtab" time="2.419" classname="selenium.IncludeExcludedroupstest"/>
  <testcase name="welcomeclick" time="0.625" classname="selenium.IncludeExcludedroupstest"/>
  <testcase name="downloadclick" time="0.899" classname="selenium.IncludeExcludedroupstest"/>
  <testcase name="eclipseclick" time="1.418" classname="selenium.IncludeExcludedroupstest"/>
  <testcase name="IDEAclick" time="0.727" classname="selenium.IncludeExcludedroupstest"/>
  <testcase name="mavenclick" time="0.624" classname="selenium.IncludeExcludedroupstest"/>
</testsuite> <!-- IncludeExcludetest -->
