<?xml version="1.0" encoding="UTF-8"?>
<!-- Generated by org.testng.reporters.JUnitXMLReporter -->
<testsuite hostname="venkat-PC" name="gmailpageItestcontexttest" tests="3" failures="0" timestamp="11 Jan 2018 18:39:56 GMT" time="11.579" errors="0">
  <testcase name="opengmailurl" time="4.973" classname="selenium.GmailloginpageItestcontext"/>
  <testcase name="signinlink" time="2.142" classname="selenium.GmailloginpageItestcontext"/>
  <testcase name="logininfo" time="0.003" classname="selenium.GmailloginpageItestcontext"/>
</testsuite> <!-- gmailpageItestcontexttest -->
