<?xml version="1.0" encoding="UTF-8"?>
<!-- Generated by org.testng.reporters.JUnitXMLReporter -->
<testsuite hostname="venkat-PC" name="googlepage" tests="4" failures="0" timestamp="9 Jan 2018 02:13:42 GMT" time="35.685" errors="0">
  <testcase name="googlepagetest" time="2.534" classname="selenium.firefoxtest"/>
  <testcase name="googlenewpage" time="0.975" classname="selenium.firefoxtest"/>
  <testcase name="chrometest" time="2.717" classname="selenium.chromedrivertest"/>
  <testcase name="newpage" time="1.476" classname="selenium.chromedrivertest"/>
</testsuite> <!-- googlepage -->
