<?xml version="1.0" encoding="UTF-8"?>
<testng-results skipped="0" failed="0" total="2" passed="2">
  <reporter-output>
  </reporter-output>
  <suite name="Default suite" duration-ms="25868" started-at="2018-02-10T04:40:00Z" finished-at="2018-02-10T04:40:26Z">
    <groups>
    </groups>
    <test name="Default test" duration-ms="25868" started-at="2018-02-10T04:40:00Z" finished-at="2018-02-10T04:40:26Z">
      <class name="selenium.Freecrmtestwebsite">
        <test-method status="PASS" signature="setup()[pri:0, instance:selenium.Freecrmtestwebsite@68c4039c]" name="setup" is-config="true" duration-ms="15644" started-at="2018-02-09T22:40:00Z" finished-at="2018-02-09T22:40:16Z">
          <reporter-output>
          </reporter-output>
        </test-method> <!-- setup -->
        <test-method status="PASS" signature="homepagetest()[pri:1, instance:selenium.Freecrmtestwebsite@68c4039c]" name="homepagetest" duration-ms="6459" started-at="2018-02-09T22:40:16Z" finished-at="2018-02-09T22:40:23Z">
          <reporter-output>
          </reporter-output>
        </test-method> <!-- homepagetest -->
        <test-method status="PASS" signature="verifyusercanlogout()[pri:2, instance:selenium.Freecrmtestwebsite@68c4039c]" name="verifyusercanlogout" duration-ms="3472" started-at="2018-02-09T22:40:23Z" finished-at="2018-02-09T22:40:26Z">
          <reporter-output>
          </reporter-output>
        </test-method> <!-- verifyusercanlogout -->
      </class> <!-- selenium.Freecrmtestwebsite -->
    </test> <!-- Default test -->
  </suite> <!-- Default suite -->
</testng-results>
