<?xml version="1.0" encoding="UTF-8"?>
<!-- Generated by org.testng.reporters.JUnitXMLReporter -->
<testsuite hostname="venkat-PC" name="testcontext" tests="3" failures="0" timestamp="11 Jan 2018 18:15:07 GMT" time="22.887" errors="0">
  <testcase name="openurl" time="3.681" classname="selenium.TestItestcontext"/>
  <testcase name="opendoc" time="0.418" classname="selenium.TestItestcontext"/>
  <testcase name="welcomeclick" time="4.933" classname="selenium.TestItestcontext"/>
</testsuite> <!-- testcontext -->
